<?xml version="1.0" encoding="UTF-8"?>
<!-- Generated by org.testng.reporters.JUnitReportReporter -->
<testsuite hostname="DESKTOP-9502SJR" name="demo.GetRequestUsingRestAssured" tests="1" failures="0" timestamp="28 Nov 2020 14:30:27 GMT" time="5.440" errors="0">
  <testcase name="getUser" time="5.440" classname="demo.GetRequestUsingRestAssured"/>
</testsuite> <!-- demo.GetRequestUsingRestAssured -->
